Using pre-set license
Built from '2021.3/release' branch; Version is '2021.3.17f1 (3e8111cac19d) revision 4096273'; Using compiler version '192829333'; Build Type 'Release'
OS: 'Windows 10  (10.0.19044) 64bit Professional' Language: 'zh' Physical Memory: 32692 MB
BatchMode: 1, IsHumanControllingUs: 0, StartBugReporterOnCrash: 0, Is64bit: 1, IsPro: 1

COMMAND LINE ARGUMENTS:
F:\2021.3.17f1\Editor\Unity.exe
-adb2
-batchMode
-noUpm
-name
AssetImportWorker0
-projectPath
F:/Lab 6
-logFile
Logs/AssetImportWorker0.log
-srvPort
64098
Successfully changed project path to: F:/Lab 6
F:/Lab 6
[UnityMemory] Configuration Parameters - Can be set up in boot.config
    "memorysetup-bucket-allocator-granularity=16"
    "memorysetup-bucket-allocator-bucket-count=8"
    "memorysetup-bucket-allocator-block-size=33554432"
    "memorysetup-bucket-allocator-block-count=8"
    "memorysetup-main-allocator-block-size=16777216"
    "memorysetup-thread-allocator-block-size=16777216"
    "memorysetup-gfx-main-allocator-block-size=16777216"
    "memorysetup-gfx-thread-allocator-block-size=16777216"
    "memorysetup-cache-allocator-block-size=4194304"
    "memorysetup-typetree-allocator-block-size=2097152"
    "memorysetup-profiler-bucket-allocator-granularity=16"
    "memorysetup-profiler-bucket-allocator-bucket-count=8"
    "memorysetup-profiler-bucket-allocator-block-size=33554432"
    "memorysetup-profiler-bucket-allocator-block-count=8"
    "memorysetup-profiler-allocator-block-size=16777216"
    "memorysetup-profiler-editor-allocator-block-size=1048576"
    "memorysetup-temp-allocator-size-main=16777216"
    "memorysetup-job-temp-allocator-block-size=2097152"
    "memorysetup-job-temp-allocator-block-size-background=1048576"
    "memorysetup-job-temp-allocator-reduction-small-platforms=262144"
    "memorysetup-temp-allocator-size-background-worker=32768"
    "memorysetup-temp-allocator-size-job-worker=262144"
    "memorysetup-temp-allocator-size-preload-manager=33554432"
    "memorysetup-temp-allocator-size-nav-mesh-worker=65536"
    "memorysetup-temp-allocator-size-audio-worker=65536"
    "memorysetup-temp-allocator-size-cloud-worker=32768"
    "memorysetup-temp-allocator-size-gi-baking-worker=262144"
    "memorysetup-temp-allocator-size-gfx=262144"
Player connection [16944] Host "[IP] 172.26.80.1 [Port] 0 [Flags] 2 [Guid] 742722683 [EditorId] 742722683 [Version] 1048832 [Id] WindowsEditor(7,DESKTOP-Q1L8URV) [Debug] 1 [PackageName] WindowsEditor [ProjectName] Editor" joined multi-casting on [225.0.0.222:54997]...

Player connection [16944] Host "[IP] 172.26.80.1 [Port] 0 [Flags] 2 [Guid] 742722683 [EditorId] 742722683 [Version] 1048832 [Id] WindowsEditor(7,DESKTOP-Q1L8URV) [Debug] 1 [PackageName] WindowsEditor [ProjectName] Editor" joined alternative multi-casting on [225.0.0.222:34997]...

Refreshing native plugins compatible for Editor in 78.89 ms, found 5 plugins.
Preloading 0 native plugins for Editor in 0.00 ms.
Initialize engine version: 2021.3.17f1 (3e8111cac19d)
[Subsystems] Discovering subsystems at path F:/2021.3.17f1/Editor/Data/Resources/UnitySubsystems
[Subsystems] Discovering subsystems at path F:/Lab 6/Assets
GfxDevice: creating device client; threaded=0; jobified=0
Direct3D:
    Version:  Direct3D 11.0 [level 11.1]
    Renderer: NVIDIA GeForce RTX 2080 Ti (ID=0x1e07)
    Vendor:   NVIDIA
    VRAM:     11041 MB
    Driver:   31.0.15.3168
Initialize mono
Mono path[0] = 'F:/2021.3.17f1/Editor/Data/Managed'
Mono path[1] = 'F:/2021.3.17f1/Editor/Data/MonoBleedingEdge/lib/mono/unityjit-win32'
Mono config path = 'F:/2021.3.17f1/Editor/Data/MonoBleedingEdge/etc'
Using monoOptions --debugger-agent=transport=dt_socket,embedding=1,server=y,suspend=n,address=127.0.0.1:56732
Begin MonoManager ReloadAssembly
Registering precompiled unity dll's ...
Register platform support module: F:/2021.3.17f1/Editor/Data/PlaybackEngines/MacStandaloneSupport/UnityEditor.OSXStandalone.Extensions.dll
Register platform support module: F:/2021.3.17f1/Editor/Data/PlaybackEngines/WindowsStandaloneSupport/UnityEditor.WindowsStandalone.Extensions.dll
Registered in 0.001635 seconds.
Native extension for WindowsStandalone target not found
Native extension for OSXStandalone target not found
Refreshing native plugins compatible for Editor in 86.58 ms, found 5 plugins.
Preloading 0 native plugins for Editor in 0.00 ms.
Mono: successfully reloaded assembly
- Completed reload, in  0.535 seconds
Domain Reload Profiling:
	ReloadAssembly (536ms)
		BeginReloadAssembly (52ms)
			ExecutionOrderSort (0ms)
			DisableScriptedObjects (0ms)
			BackupInstance (0ms)
			ReleaseScriptingObjects (0ms)
			CreateAndSetChildDomain (1ms)
		EndReloadAssembly (406ms)
			LoadAssemblies (52ms)
			RebuildTransferFunctionScriptingTraits (0ms)
			SetupTypeCache (94ms)
			ReleaseScriptCaches (0ms)
			RebuildScriptCaches (25ms)
			SetupLoadedEditorAssemblies (245ms)
				LogAssemblyErrors (0ms)
				InitializePlatformSupportModulesInManaged (7ms)
				SetLoadedEditorAssemblies (0ms)
				RefreshPlugins (87ms)
				BeforeProcessingInitializeOnLoad (1ms)
				ProcessInitializeOnLoadAttributes (114ms)
				ProcessInitializeOnLoadMethodAttributes (36ms)
				AfterProcessingInitializeOnLoad (0ms)
				EditorAssembliesLoaded (0ms)
			ExecutionOrderSort2 (0ms)
			AwakeInstancesAfterBackupRestoration (0ms)
Platform modules already initialized, skipping
Registering precompiled user dll's ...
Registered in 0.002878 seconds.
Begin MonoManager ReloadAssembly
Symbol file LoadedFromMemory doesn't match image F:\Lab 6\Library\PackageCache\com.unity.visualscripting@1.8.0\Editor\VisualScripting.Core\Dependencies\YamlDotNet\Unity.VisualScripting.YamlDotNet.dll
Symbol file LoadedFromMemory doesn't match image F:\Lab 6\Library\PackageCache\com.unity.visualscripting@1.8.0\Editor\VisualScripting.Core\Dependencies\DotNetZip\Unity.VisualScripting.IonicZip.dll
Native extension for WindowsStandalone target not found
Native extension for OSXStandalone target not found
Refreshing native plugins compatible for Editor in 75.43 ms, found 5 plugins.
Preloading 0 native plugins for Editor in 0.00 ms.
Mono: successfully reloaded assembly
- Completed reload, in  0.988 seconds
Domain Reload Profiling:
	ReloadAssembly (989ms)
		BeginReloadAssembly (84ms)
			ExecutionOrderSort (0ms)
			DisableScriptedObjects (5ms)
			BackupInstance (0ms)
			ReleaseScriptingObjects (0ms)
			CreateAndSetChildDomain (15ms)
		EndReloadAssembly (820ms)
			LoadAssemblies (62ms)
			RebuildTransferFunctionScriptingTraits (0ms)
			SetupTypeCache (242ms)
			ReleaseScriptCaches (1ms)
			RebuildScriptCaches (46ms)
			SetupLoadedEditorAssemblies (436ms)
				LogAssemblyErrors (0ms)
				InitializePlatformSupportModulesInManaged (4ms)
				SetLoadedEditorAssemblies (0ms)
				RefreshPlugins (75ms)
				BeforeProcessingInitializeOnLoad (74ms)
				ProcessInitializeOnLoadAttributes (264ms)
				ProcessInitializeOnLoadMethodAttributes (16ms)
				AfterProcessingInitializeOnLoad (2ms)
				EditorAssembliesLoaded (0ms)
			ExecutionOrderSort2 (0ms)
			AwakeInstancesAfterBackupRestoration (4ms)
Platform modules already initialized, skipping
========================================================================
Worker process is ready to serve import requests
Launched and connected shader compiler UnityShaderCompiler.exe after 0.03 seconds
Refreshing native plugins compatible for Editor in 0.62 ms, found 5 plugins.
Preloading 0 native plugins for Editor in 0.00 ms.
Unloading 3875 Unused Serialized files (Serialized files now loaded: 0)
Unloading 33 unused Assets / (113.9 KB). Loaded Objects now: 4334.
Memory consumption went from 137.7 MB to 137.6 MB.
Total: 3.909500 ms (FindLiveObjects: 0.332100 ms CreateObjectMapping: 0.307300 ms MarkObjects: 3.135000 ms  DeleteObjects: 0.134000 ms)

AssetImportParameters requested are different than current active one (requested -> active):
  custom:video-decoder-ogg-theora: a1e56fd34408186e4bbccfd4996cb3dc -> 
  custom:container-muxer-webm: aa71ff27fc2769a1b78a27578f13a17b -> 
  custom:container-demuxer-webm: 4f35f7cbe854078d1ac9338744f61a02 -> 
  custom:video-encoder-webm-vp8: eb34c28f22e8b96e1ab97ce403110664 -> 
  custom:audio-encoder-webm-vorbis: bf7c407c2cedff20999df2af8eb42d56 -> 
  custom:framework-win-MediaFoundation: 216162199b28c13a410421893ffa2e32 -> 
  custom:container-demuxer-ogg: 62fdf1f143b41e24485cea50d1cbac27 -> 
  custom:video-decoder-webm-vp8: 9c59270c3fd7afecdb556c50c9e8de78 -> 
  custom:audio-decoder-ogg-vorbis: bf7c407c2cedff20999df2af8eb42d56 -> 
========================================================================
Received Import Request.
  Time since last request: 969818.890124 seconds.
  path: Assets/Scenes/FlappyBird.unity
  artifactKey: Guid(9fc0d4010bbf28b4594072e72b8655ab) Importer(815301076,1909f56bfc062723c751e8b465ee728b)
Start importing Assets/Scenes/FlappyBird.unity using Guid(9fc0d4010bbf28b4594072e72b8655ab) Importer(815301076,1909f56bfc062723c751e8b465ee728b)  -> (artifact id: 'c20b6bebb8ed1841cf5db07c62abaa7e') in 0.012559 seconds 
========================================================================
Received Import Request.
  Time since last request: 30.457805 seconds.
  path: Assets/AssetStore/Tale Monster Cube Env/Materials/Gold.mat
  artifactKey: Guid(8cfcbf5b0a8c46148a9dd457aa15a4e8) Importer(815301076,1909f56bfc062723c751e8b465ee728b)
Start importing Assets/AssetStore/Tale Monster Cube Env/Materials/Gold.mat using Guid(8cfcbf5b0a8c46148a9dd457aa15a4e8) Importer(815301076,1909f56bfc062723c751e8b465ee728b)  -> (artifact id: '52d110cea073da4e3bcddde929f156a8') in 0.089729 seconds 
========================================================================
Received Import Request.
  Time since last request: 0.071847 seconds.
  path: Assets/Inputs/PlayerInput.cs
  artifactKey: Guid(c9d54fed05fa1f141bf387c3af8b5921) Importer(815301076,1909f56bfc062723c751e8b465ee728b)
Start importing Assets/Inputs/PlayerInput.cs using Guid(c9d54fed05fa1f141bf387c3af8b5921) Importer(815301076,1909f56bfc062723c751e8b465ee728b)  -> (artifact id: 'e01c69dbbca486d4370fbed1780a262d') in 0.024933 seconds 
========================================================================
Received Import Request.
  Time since last request: 0.001365 seconds.
  path: Assets/Animations/Shapekey/Eyes_LookDown.anim
  artifactKey: Guid(ad66aec4451124b46b099414b1ece55c) Importer(815301076,1909f56bfc062723c751e8b465ee728b)
Start importing Assets/Animations/Shapekey/Eyes_LookDown.anim using Guid(ad66aec4451124b46b099414b1ece55c) Importer(815301076,1909f56bfc062723c751e8b465ee728b)  -> (artifact id: '1e62a7cfdc8adebdac67ac983f0fb574') in 0.006767 seconds 
========================================================================
Received Import Request.
  Time since last request: 0.004407 seconds.
  path: Assets/AssetStore/3LE Low Poly Cloud Pack/Prefabs/Clouds_Strato_G2.prefab
  artifactKey: Guid(79f3726e667d7254296b8aef52d0f074) Importer(815301076,1909f56bfc062723c751e8b465ee728b)
Start importing Assets/AssetStore/3LE Low Poly Cloud Pack/Prefabs/Clouds_Strato_G2.prefab using Guid(79f3726e667d7254296b8aef52d0f074) Importer(815301076,1909f56bfc062723c751e8b465ee728b)  -> (artifact id: '666fbfafda4add31b9815fa041baafea') in 0.018044 seconds 
========================================================================
Received Import Request.
  Time since last request: 0.002028 seconds.
  path: Assets/AssetStore/3LE Low Poly Cloud Pack/Models/Cloud_Strato.fbx
  artifactKey: Guid(85c7b36c43c3b5d4bb144cc09fc55f71) Importer(815301076,1909f56bfc062723c751e8b465ee728b)
Start importing Assets/AssetStore/3LE Low Poly Cloud Pack/Models/Cloud_Strato.fbx using Guid(85c7b36c43c3b5d4bb144cc09fc55f71) Importer(815301076,1909f56bfc062723c751e8b465ee728b)  -> (artifact id: 'a76dae17b635c1f850fe57dee4b948df') in 0.076869 seconds 
========================================================================
Received Import Request.
  Time since last request: 0.022712 seconds.
  path: Assets/Animations/Shapekey/Teardrop_L.anim
  artifactKey: Guid(11588893e16df7b4691879be8fc930f7) Importer(815301076,1909f56bfc062723c751e8b465ee728b)
Start importing Assets/Animations/Shapekey/Teardrop_L.anim using Guid(11588893e16df7b4691879be8fc930f7) Importer(815301076,1909f56bfc062723c751e8b465ee728b)  -> (artifact id: 'c71df016114209728beb2d0c3bba4e5d') in 0.005733 seconds 
========================================================================
Received Import Request.
  Time since last request: 0.021261 seconds.
  path: Assets/Scripts/QuitHandler.cs
  artifactKey: Guid(7bf66155862a50a4080e0b0a2cda2cb5) Importer(815301076,1909f56bfc062723c751e8b465ee728b)
Start importing Assets/Scripts/QuitHandler.cs using Guid(7bf66155862a50a4080e0b0a2cda2cb5) Importer(815301076,1909f56bfc062723c751e8b465ee728b)  -> (artifact id: 'abf1368d7a3921a2361e8526d548f8a2') in 0.003743 seconds 
========================================================================
Received Import Request.
  Time since last request: 0.021982 seconds.
  path: Assets/AssetStore/3LE Low Poly Cloud Pack/Models/Materials/Clouds_Strato.mat
  artifactKey: Guid(3caf37f89b2b5444ca6a473c8a1d70c1) Importer(815301076,1909f56bfc062723c751e8b465ee728b)
Start importing Assets/AssetStore/3LE Low Poly Cloud Pack/Models/Materials/Clouds_Strato.mat using Guid(3caf37f89b2b5444ca6a473c8a1d70c1) Importer(815301076,1909f56bfc062723c751e8b465ee728b)  -> (artifact id: '5639347298ad041cafa499beabd14a6d') in 0.008263 seconds 
========================================================================
Received Import Request.
  Time since last request: 0.015992 seconds.
  path: Assets/Animations/Shapekey/Eyes_Cry.anim
  artifactKey: Guid(1aeb3e8c01f5d534c9a72bbf181c3a63) Importer(815301076,1909f56bfc062723c751e8b465ee728b)
Start importing Assets/Animations/Shapekey/Eyes_Cry.anim using Guid(1aeb3e8c01f5d534c9a72bbf181c3a63) Importer(815301076,1909f56bfc062723c751e8b465ee728b)  -> (artifact id: '4448abd09af6afdc1a926af403fc8952') in 0.005675 seconds 
========================================================================
Received Import Request.
  Time since last request: 0.001236 seconds.
  path: Assets/Animations/Shapekey/Eyes_Trauma.anim
  artifactKey: Guid(dd03e639ddb06de45b9b14f57ab98a11) Importer(815301076,1909f56bfc062723c751e8b465ee728b)
Start importing Assets/Animations/Shapekey/Eyes_Trauma.anim using Guid(dd03e639ddb06de45b9b14f57ab98a11) Importer(815301076,1909f56bfc062723c751e8b465ee728b)  -> (artifact id: '23a9f2ccc3fb5147e5961d499a7509a8') in 0.005733 seconds 
========================================================================
Received Import Request.
  Time since last request: 0.001445 seconds.
  path: Assets/Animations/Shapekey/Eyes_Sad.anim
  artifactKey: Guid(5991a2af34401064aab845455aaa6a6d) Importer(815301076,1909f56bfc062723c751e8b465ee728b)
Start importing Assets/Animations/Shapekey/Eyes_Sad.anim using Guid(5991a2af34401064aab845455aaa6a6d) Importer(815301076,1909f56bfc062723c751e8b465ee728b)  -> (artifact id: 'bf108221aa3014083bf807cc7665a310') in 0.005741 seconds 
========================================================================
Received Import Request.
  Time since last request: 0.007524 seconds.
  path: Assets/AssetStore/3LE Low Poly Cloud Pack/Prefabs/Clouds_Strato_G1.prefab
  artifactKey: Guid(9ee1a2ad264aa2040bef16ca093d6046) Importer(815301076,1909f56bfc062723c751e8b465ee728b)
Start importing Assets/AssetStore/3LE Low Poly Cloud Pack/Prefabs/Clouds_Strato_G1.prefab using Guid(9ee1a2ad264aa2040bef16ca093d6046) Importer(815301076,1909f56bfc062723c751e8b465ee728b)  -> (artifact id: 'e742e5c8658177f241503f6a7ca2cc70') in 0.008186 seconds 
========================================================================
Received Import Request.
  Time since last request: 0.001407 seconds.
  path: Assets/AssetStore/Tale Monster Cube Env/Meshes/Top_9.asset
  artifactKey: Guid(6b5598d11198a0849b91e4be227bde72) Importer(815301076,1909f56bfc062723c751e8b465ee728b)
Start importing Assets/AssetStore/Tale Monster Cube Env/Meshes/Top_9.asset using Guid(6b5598d11198a0849b91e4be227bde72) Importer(815301076,1909f56bfc062723c751e8b465ee728b)  -> (artifact id: 'dd793ca026a84c89ef9662811eb883c4') in 0.009500 seconds 
========================================================================
Received Import Request.
  Time since last request: 0.001517 seconds.
  path: Assets/Animations/Shapekey/Eyes_Happy.anim
  artifactKey: Guid(3dffca6cea27af3488d99af5f763199b) Importer(815301076,1909f56bfc062723c751e8b465ee728b)
Start importing Assets/Animations/Shapekey/Eyes_Happy.anim using Guid(3dffca6cea27af3488d99af5f763199b) Importer(815301076,1909f56bfc062723c751e8b465ee728b)  -> (artifact id: 'b28da62b0a103a0807684135797f4045') in 0.005664 seconds 
========================================================================
Received Import Request.
  Time since last request: 0.001635 seconds.
  path: Assets/AssetStore/3LE Low Poly Cloud Pack/Models/Cloud_Cumulus.fbx
  artifactKey: Guid(6e253dc59c001e44ab9d35ee01215549) Importer(815301076,1909f56bfc062723c751e8b465ee728b)
Start importing Assets/AssetStore/3LE Low Poly Cloud Pack/Models/Cloud_Cumulus.fbx using Guid(6e253dc59c001e44ab9d35ee01215549) Importer(815301076,1909f56bfc062723c751e8b465ee728b)  -> (artifact id: '9e382b8993c01c59c082ea8f725796df') in 0.010643 seconds 
========================================================================
Received Import Request.
  Time since last request: 0.007173 seconds.
  path: Assets/Animations/Shapekey/Eyes_Spin.anim
  artifactKey: Guid(64dc3627784e421408921cf2a4f9bc38) Importer(815301076,1909f56bfc062723c751e8b465ee728b)
Start importing Assets/Animations/Shapekey/Eyes_Spin.anim using Guid(64dc3627784e421408921cf2a4f9bc38) Importer(815301076,1909f56bfc062723c751e8b465ee728b)  -> (artifact id: '1830f6e66d53d5ec1eb42bc9aa7441a0') in 0.006047 seconds 
========================================================================
Received Import Request.
  Time since last request: 0.007094 seconds.
  path: Assets/AssetStore/Tale Monster Cube Env/Meshes/Coin.asset
  artifactKey: Guid(f128d26878c5d444d8875a398a91a876) Importer(815301076,1909f56bfc062723c751e8b465ee728b)
Start importing Assets/AssetStore/Tale Monster Cube Env/Meshes/Coin.asset using Guid(f128d26878c5d444d8875a398a91a876) Importer(815301076,1909f56bfc062723c751e8b465ee728b)  -> (artifact id: '11e4480d3ee47e1ee501503fc849f2d6') in 0.007601 seconds 
========================================================================
Received Import Request.
  Time since last request: 0.004361 seconds.
  path: Assets/Animations/Shapekey/Eyes_LookUp.anim
  artifactKey: Guid(0f75d70c5ac154f4da008ea9e6c933c0) Importer(815301076,1909f56bfc062723c751e8b465ee728b)
Start importing Assets/Animations/Shapekey/Eyes_LookUp.anim using Guid(0f75d70c5ac154f4da008ea9e6c933c0) Importer(815301076,1909f56bfc062723c751e8b465ee728b)  -> (artifact id: '093461b48806ba3a0df475b7d14f4cb7') in 0.005781 seconds 
========================================================================
Received Import Request.
  Time since last request: 0.026808 seconds.
  path: Assets/Animations/Shapekey/Sweat_R.anim
  artifactKey: Guid(de2e608923f1cf14796462d5ad873f5a) Importer(815301076,1909f56bfc062723c751e8b465ee728b)
Start importing Assets/Animations/Shapekey/Sweat_R.anim using Guid(de2e608923f1cf14796462d5ad873f5a) Importer(815301076,1909f56bfc062723c751e8b465ee728b)  -> (artifact id: 'a38eaaf01c0c4a3c948c69cf7f85364c') in 0.005610 seconds 
========================================================================
Received Import Request.
  Time since last request: 0.052102 seconds.
  path: Assets/AssetStore/3LE Low Poly Cloud Pack/Models/Cloud_Cumulus_Med.fbx
  artifactKey: Guid(74b8105a60af1c84394ac279e7081b79) Importer(815301076,1909f56bfc062723c751e8b465ee728b)
Start importing Assets/AssetStore/3LE Low Poly Cloud Pack/Models/Cloud_Cumulus_Med.fbx using Guid(74b8105a60af1c84394ac279e7081b79) Importer(815301076,1909f56bfc062723c751e8b465ee728b)  -> (artifact id: 'c561bc8b050acf4e7f5f3d408cb8fe71') in 0.010864 seconds 
========================================================================
Received Import Request.
  Time since last request: 0.010705 seconds.
  path: Assets/Animations/Shapekey/Eyes_LookIn.anim
  artifactKey: Guid(87fc63539b7bc5e4289cfa980a739084) Importer(815301076,1909f56bfc062723c751e8b465ee728b)
Start importing Assets/Animations/Shapekey/Eyes_LookIn.anim using Guid(87fc63539b7bc5e4289cfa980a739084) Importer(815301076,1909f56bfc062723c751e8b465ee728b)  -> (artifact id: '0e51646c3d3e423a59f1089e9b5e737d') in 0.005742 seconds 
========================================================================
Received Import Request.
  Time since last request: 0.006955 seconds.
  path: Assets/AssetStore/3LE Low Poly Cloud Pack/Models/Materials/Cloud_cumulus.mat
  artifactKey: Guid(6b9f3ceb7b8a4494b81c12bb67f6a014) Importer(815301076,1909f56bfc062723c751e8b465ee728b)
Start importing Assets/AssetStore/3LE Low Poly Cloud Pack/Models/Materials/Cloud_cumulus.mat using Guid(6b9f3ceb7b8a4494b81c12bb67f6a014) Importer(815301076,1909f56bfc062723c751e8b465ee728b)  -> (artifact id: 'e781262f3bc7a80e7b5a8c8c80b4e96f') in 0.007667 seconds 
========================================================================
Received Import Request.
  Time since last request: 0.007744 seconds.
  path: Assets/Animations/Shapekey/Eyes_Rabid.anim
  artifactKey: Guid(a0ba351f09d6d844db8bffc74a11490e) Importer(815301076,1909f56bfc062723c751e8b465ee728b)
Start importing Assets/Animations/Shapekey/Eyes_Rabid.anim using Guid(a0ba351f09d6d844db8bffc74a11490e) Importer(815301076,1909f56bfc062723c751e8b465ee728b)  -> (artifact id: 'cd1aa320feda5ec7091907f40b1f25b8') in 0.005744 seconds 
========================================================================
Received Import Request.
  Time since last request: 0.004066 seconds.
  path: Assets/Animations/Shapekey/Eyes_LookOut.anim
  artifactKey: Guid(157603e0cba4708498b2847449eaaf39) Importer(815301076,1909f56bfc062723c751e8b465ee728b)
Start importing Assets/Animations/Shapekey/Eyes_LookOut.anim using Guid(157603e0cba4708498b2847449eaaf39) Importer(815301076,1909f56bfc062723c751e8b465ee728b)  -> (artifact id: '468eb0d63a324c3579c1e6722a2956fc') in 0.005605 seconds 
========================================================================
Received Import Request.
  Time since last request: 0.030704 seconds.
  path: Assets/Animations/Shapekey/Eyes_Excited.anim
  artifactKey: Guid(de1d615e89514514d8c39a591ad539bb) Importer(815301076,1909f56bfc062723c751e8b465ee728b)
Start importing Assets/Animations/Shapekey/Eyes_Excited.anim using Guid(de1d615e89514514d8c39a591ad539bb) Importer(815301076,1909f56bfc062723c751e8b465ee728b)  -> (artifact id: 'dda0a56ae1b8550c2f9fbd115f2685c1') in 0.005806 seconds 
========================================================================
Received Import Request.
  Time since last request: 0.040131 seconds.
  path: Assets/Animations/Shapekey/Sweat_L.anim
  artifactKey: Guid(770167f42b8505c45b44deb16c90962d) Importer(815301076,1909f56bfc062723c751e8b465ee728b)
Start importing Assets/Animations/Shapekey/Sweat_L.anim using Guid(770167f42b8505c45b44deb16c90962d) Importer(815301076,1909f56bfc062723c751e8b465ee728b)  -> (artifact id: 'b39281ef4c88944f2f79e0b5af03cd9c') in 0.005804 seconds 
========================================================================
Received Import Request.
  Time since last request: 0.012949 seconds.
  path: Assets/Animations/Shapekey/Eyes_Squint.anim
  artifactKey: Guid(d43226420668d044c975f0ecc5809df1) Importer(815301076,1909f56bfc062723c751e8b465ee728b)
Start importing Assets/Animations/Shapekey/Eyes_Squint.anim using Guid(d43226420668d044c975f0ecc5809df1) Importer(815301076,1909f56bfc062723c751e8b465ee728b)  -> (artifact id: 'e3219217d775077cecb831996452ec90') in 0.005721 seconds 
========================================================================
Received Import Request.
  Time since last request: 0.001226 seconds.
  path: Assets/AssetStore/Tale Monster Cube Env/Meshes/Base_10.asset
  artifactKey: Guid(05c8587ded49ac541a2e6316f859f384) Importer(815301076,1909f56bfc062723c751e8b465ee728b)
Start importing Assets/AssetStore/Tale Monster Cube Env/Meshes/Base_10.asset using Guid(05c8587ded49ac541a2e6316f859f384) Importer(815301076,1909f56bfc062723c751e8b465ee728b)  -> (artifact id: '92a057539825992cc792e66aa931eefa') in 0.008237 seconds 
========================================================================
Received Import Request.
  Time since last request: 0.021702 seconds.
  path: Assets/Animations/Shapekey/Eyes_Sleep.anim
  artifactKey: Guid(b51c1043d37dcca49ab4b15434e67da0) Importer(815301076,1909f56bfc062723c751e8b465ee728b)
Start importing Assets/Animations/Shapekey/Eyes_Sleep.anim using Guid(b51c1043d37dcca49ab4b15434e67da0) Importer(815301076,1909f56bfc062723c751e8b465ee728b)  -> (artifact id: '409d1c6c0d702ae40938c15bdee6e020') in 0.005874 seconds 
========================================================================
Received Import Request.
  Time since last request: 0.001610 seconds.
  path: Assets/AssetStore/3LE Low Poly Cloud Pack/Prefabs/Clouds_Cumulus_G1.prefab
  artifactKey: Guid(decc2ba5add7b984aab134a07b436422) Importer(815301076,1909f56bfc062723c751e8b465ee728b)
Start importing Assets/AssetStore/3LE Low Poly Cloud Pack/Prefabs/Clouds_Cumulus_G1.prefab using Guid(decc2ba5add7b984aab134a07b436422) Importer(815301076,1909f56bfc062723c751e8b465ee728b)  -> (artifact id: '857004fd14d53ec1343d751c49c269c0') in 0.008278 seconds 
========================================================================
Received Import Request.
  Time since last request: 0.007159 seconds.
  path: Assets/Animations/Shapekey/Eyes_Annoyed.anim
  artifactKey: Guid(46d3ef83a1dcd3845b415d3d91a04337) Importer(815301076,1909f56bfc062723c751e8b465ee728b)
Start importing Assets/Animations/Shapekey/Eyes_Annoyed.anim using Guid(46d3ef83a1dcd3845b415d3d91a04337) Importer(815301076,1909f56bfc062723c751e8b465ee728b)  -> (artifact id: '89bab6c055b6b2b96a208a2be76e8567') in 0.005614 seconds 
========================================================================
Received Import Request.
  Time since last request: 0.001251 seconds.
  path: Assets/Quirky Series - Birds Bundle/_Shader/SoftSurface.shader
  artifactKey: Guid(42f746eaacbc2a24d9618184e5392aa2) Importer(815301076,1909f56bfc062723c751e8b465ee728b)
Start importing Assets/Quirky Series - Birds Bundle/_Shader/SoftSurface.shader using Guid(42f746eaacbc2a24d9618184e5392aa2) Importer(815301076,1909f56bfc062723c751e8b465ee728b)  -> (artifact id: '569a17ab48cb5049e39eb9856da6023a') in 0.004925 seconds 
